<?xml version="1.0" encoding="UTF-8"?>
<!-- Generated by org.testng.reporters.JUnitReportReporter -->
<testsuite hostname="LAPTOP-SAHP40V1" failures="0" tests="4" name="Day16.LoginTest_testng" time="19.901" errors="0" timestamp="2022-07-29T10:53:57 IST" skipped="0">
  <testcase classname="Day16.LoginTest_testng" name="openBrowser" time="7.977"/>
  <system-out/>
  <testcase classname="Day16.LoginTest_testng" name="login" time="11.483"/>
  <system-out/>
  <testcase classname="Day16.LoginTest_testng" name="validation" time="0.069"/>
  <system-out/>
  <testcase classname="Day16.LoginTest_testng" name="closeBrowser" time="0.372"/>
  <system-out/>
</testsuite> <!-- Day16.LoginTest_testng -->
