<?xml version="1.0" encoding="UTF-8"?>
<!-- Generated by org.testng.reporters.JUnitReportReporter -->
<testsuite hostname="LAPTOP-SAHP40V1" failures="0" tests="2" name="package17_1.Annotation" time="0.010" errors="0" timestamp="2022-07-31T10:01:18 IST" skipped="0">
  <testcase classname="package17_1.Annotation" name="advanceSearch" time="0.005"/>
  <system-out/>
  <testcase classname="package17_1.Annotation" name="search" time="0.005"/>
  <system-out/>
</testsuite> <!-- package17_1.Annotation -->
