<?xml version="1.0" encoding="UTF-8"?>
<!-- Generated by org.testng.reporters.JUnitReportReporter -->
<testsuite hostname="LAPTOP-SAHP40V1" failures="0" tests="4" name="package17.Test1" time="0.027" errors="0" timestamp="2022-07-31T08:12:17 IST" skipped="0">
  <testcase classname="package17.Test1" name="testB" time="0.005"/>
  <system-out/>
  <testcase classname="package17.Test1" name="testB" time="0.006"/>
  <system-out/>
  <testcase classname="package17.Test1" name="testA" time="0.006"/>
  <system-out/>
  <testcase classname="package17.Test1" name="testA" time="0.010"/>
  <system-out/>
</testsuite> <!-- package17.Test1 -->
