<?xml version="1.0" encoding="UTF-8"?>
<!-- Generated by org.testng.reporters.JUnitReportReporter -->
<testsuite hostname="LAPTOP-SAHP40V1" failures="0" tests="9" name="package18.GroupingTests" time="0.049" errors="0" timestamp="2022-08-02T07:54:51 IST" skipped="0">
  <testcase classname="package18.GroupingTests" name="loginbymail" time="0.023"/>
  <system-out/>
  <testcase classname="package18.GroupingTests" name="loginbyfacebook" time="0.003"/>
  <system-out/>
  <testcase classname="package18.GroupingTests" name="loginbygoogle" time="0.004"/>
  <system-out/>
  <testcase classname="package18.GroupingTests" name="signupbyemail" time="0.004"/>
  <system-out/>
  <testcase classname="package18.GroupingTests" name="signupbyfacebook" time="0.003"/>
  <system-out/>
  <testcase classname="package18.GroupingTests" name="signup_by_google" time="0.003"/>
  <system-out/>
  <testcase classname="package18.GroupingTests" name="sendmoney" time="0.004"/>
  <system-out/>
  <testcase classname="package18.GroupingTests" name="withdraw_amount" time="0.003"/>
  <system-out/>
  <testcase classname="package18.GroupingTests" name="forget_password" time="0.002"/>
  <system-out/>
</testsuite> <!-- package18.GroupingTests -->
