<?xml version="1.0" encoding="UTF-8"?>
<!-- Generated by org.testng.reporters.JUnitReportReporter -->
<testsuite hostname="LAPTOP-SAHP40V1" failures="0" tests="3" name="Day16.BasicTestng" time="0.005" errors="0" timestamp="2022-07-29T10:53:57 IST" skipped="0">
  <testcase classname="Day16.BasicTestng" name="test1" time="0.001"/>
  <system-out/>
  <testcase classname="Day16.BasicTestng" name="calculate" time="0.002"/>
  <system-out/>
  <testcase classname="Day16.BasicTestng" name="b" time="0.002"/>
  <system-out/>
</testsuite> <!-- Day16.BasicTestng -->
