<?xml version="1.0" encoding="UTF-8"?>
<!-- Generated by org.testng.reporters.JUnitReportReporter -->
<testsuite hostname="LAPTOP-SAHP40V1" failures="0" tests="2" name="package17.Test2" time="0.016" errors="0" timestamp="2022-07-31T08:12:17 IST" skipped="0">
  <testcase classname="package17.Test2" name="test2xyz" time="0.002"/>
  <system-out/>
  <testcase classname="package17.Test2" name="test2xyz" time="0.014"/>
  <system-out/>
</testsuite> <!-- package17.Test2 -->
