<?xml version="1.0" encoding="UTF-8"?>
<!-- Generated by org.testng.reporters.JUnitReportReporter -->
<testsuite hostname="LAPTOP-SAHP40V1" failures="0" tests="2" name="package18.Dataprovider" time="0.016" errors="0" timestamp="2022-08-02T09:02:46 IST" skipped="0">
  <testcase classname="package18.Dataprovider" name="login" time="0.003"/>
  <system-out/>
  <testcase classname="package18.Dataprovider" name="login" time="0.013"/>
  <system-out/>
</testsuite> <!-- package18.Dataprovider -->
