<?xml version="1.0" encoding="UTF-8"?>
<!-- Generated by org.testng.reporters.JUnitReportReporter -->
<testsuite hostname="LAPTOP-SAHP40V1" failures="0" tests="1" name="package17_1.Allanotations" time="0.003" errors="0" timestamp="2022-07-31T10:01:18 IST" skipped="0">
  <testcase classname="package17_1.Allanotations" name="loginTest" time="0.003"/>
  <system-out/>
</testsuite> <!-- package17_1.Allanotations -->
