<?xml version="1.0" encoding="UTF-8"?>
<!-- Generated by org.testng.reporters.JUnitReportReporter -->
<testsuite hostname="LAPTOP-SAHP40V1" failures="0" tests="3" name="Day16.SimpleTest" time="0.024" errors="0" timestamp="2022-07-29T10:53:57 IST" skipped="0">
  <testcase classname="Day16.SimpleTest" name="add" time="0.020"/>
  <system-out/>
  <testcase classname="Day16.SimpleTest" name="calculate" time="0.002"/>
  <system-out/>
  <testcase classname="Day16.SimpleTest" name="subtract" time="0.002"/>
  <system-out/>
</testsuite> <!-- Day16.SimpleTest -->
