<?xml version="1.0" encoding="UTF-8"?>
<!-- Generated by org.testng.reporters.JUnitReportReporter -->
<testsuite hostname="LAPTOP-SAHP40V1" failures="0" tests="2" name="package19.ParameterTest" time="0.328" errors="0" timestamp="2022-08-03T07:42:12 IST" skipped="0">
  <testcase classname="package19.ParameterTest" name="logoTest" time="0.131"/>
  <system-out/>
  <testcase classname="package19.ParameterTest" name="logoTest" time="0.197"/>
  <system-out/>
</testsuite> <!-- package19.ParameterTest -->
